<?xml version="1.0" encoding="UTF-8"?>
<coverage generated="1650614751162" clover="3.2.0">
  <project timestamp="1650614751162" name="All files">
    <metrics statements="138" coveredstatements="119" conditionals="22" coveredconditionals="14" methods="19" coveredmethods="14" elements="179" coveredelements="147" complexity="0" loc="138" ncloc="138" packages="3" files="7" classes="7"/>
    <package name="townofcary">
      <metrics statements="27" coveredstatements="22" conditionals="4" coveredconditionals="0" methods="2" coveredmethods="0"/>
      <file name="app.js" path="C:\Users\Cerat\OneDrive\Documents\GitHub\cs341-spring-2022-three\townofcary\app.js">
        <metrics statements="27" coveredstatements="22" conditionals="4" coveredconditionals="0" methods="2" coveredmethods="0"/>
        <line num="1" count="1" type="stmt"/>
        <line num="2" count="1" type="stmt"/>
        <line num="3" count="1" type="stmt"/>
        <line num="4" count="1" type="stmt"/>
        <line num="5" count="1" type="stmt"/>
        <line num="7" count="1" type="stmt"/>
        <line num="8" count="1" type="stmt"/>
        <line num="9" count="1" type="stmt"/>
        <line num="11" count="1" type="stmt"/>
        <line num="14" count="1" type="stmt"/>
        <line num="15" count="1" type="stmt"/>
        <line num="17" count="1" type="stmt"/>
        <line num="18" count="1" type="stmt"/>
        <line num="19" count="1" type="stmt"/>
        <line num="20" count="1" type="stmt"/>
        <line num="21" count="1" type="stmt"/>
        <line num="23" count="1" type="stmt"/>
        <line num="24" count="1" type="stmt"/>
        <line num="25" count="1" type="stmt"/>
        <line num="28" count="1" type="stmt"/>
        <line num="29" count="0" type="stmt"/>
        <line num="33" count="1" type="stmt"/>
        <line num="35" count="0" type="stmt"/>
        <line num="36" count="0" type="cond" truecount="0" falsecount="2"/>
        <line num="39" count="0" type="cond" truecount="0" falsecount="2"/>
        <line num="40" count="0" type="stmt"/>
        <line num="43" count="1" type="stmt"/>
      </file>
    </package>
    <package name="townofcary.public.javascripts">
      <metrics statements="23" coveredstatements="23" conditionals="4" coveredconditionals="3" methods="3" coveredmethods="3"/>
      <file name="click-drop.js" path="C:\Users\Cerat\OneDrive\Documents\GitHub\cs341-spring-2022-three\townofcary\public\javascripts\click-drop.js">
        <metrics statements="11" coveredstatements="11" conditionals="4" coveredconditionals="3" methods="1" coveredmethods="1"/>
        <line num="6" count="5" type="stmt"/>
        <line num="8" count="5" type="stmt"/>
        <line num="10" count="5" type="stmt"/>
        <line num="12" count="5" type="stmt"/>
        <line num="15" count="5" type="stmt"/>
        <line num="16" count="135" type="stmt"/>
        <line num="17" count="135" type="cond" truecount="1" falsecount="1"/>
        <line num="18" count="135" type="cond" truecount="2" falsecount="0"/>
        <line num="19" count="60" type="stmt"/>
        <line num="21" count="75" type="stmt"/>
        <line num="25" count="1" type="stmt"/>
      </file>
      <file name="sidebar.js" path="C:\Users\Cerat\OneDrive\Documents\GitHub\cs341-spring-2022-three\townofcary\public\javascripts\sidebar.js">
        <metrics statements="12" coveredstatements="12" conditionals="0" coveredconditionals="0" methods="2" coveredmethods="2"/>
        <line num="2" count="1" type="stmt"/>
        <line num="3" count="1" type="stmt"/>
        <line num="5" count="1" type="stmt"/>
        <line num="9" count="2" type="stmt"/>
        <line num="11" count="2" type="stmt"/>
        <line num="13" count="2" type="stmt"/>
        <line num="15" count="2" type="stmt"/>
        <line num="21" count="2" type="stmt"/>
        <line num="23" count="2" type="stmt"/>
        <line num="25" count="2" type="stmt"/>
        <line num="27" count="2" type="stmt"/>
        <line num="29" count="1" type="stmt"/>
      </file>
    </package>
    <package name="townofcary.routes">
      <metrics statements="88" coveredstatements="74" conditionals="14" coveredconditionals="11" methods="14" coveredmethods="11"/>
      <file name="dbms_promise.js" path="C:\Users\Cerat\OneDrive\Documents\GitHub\cs341-spring-2022-three\townofcary\routes\dbms_promise.js">
        <metrics statements="23" coveredstatements="20" conditionals="2" coveredconditionals="1" methods="6" coveredmethods="6"/>
        <line num="10" count="1" type="stmt"/>
        <line num="13" count="1" type="stmt"/>
        <line num="14" count="1" type="stmt"/>
        <line num="16" count="1" type="stmt"/>
        <line num="17" count="1" type="stmt"/>
        <line num="18" count="1" type="stmt"/>
        <line num="19" count="1" type="stmt"/>
        <line num="29" count="1" type="stmt"/>
        <line num="30" count="2" type="stmt"/>
        <line num="32" count="2" type="stmt"/>
        <line num="34" count="2" type="stmt"/>
        <line num="39" count="2" type="stmt"/>
        <line num="46" count="2" type="stmt"/>
        <line num="52" count="2" type="stmt"/>
        <line num="58" count="2" type="stmt"/>
        <line num="60" count="2" type="stmt"/>
        <line num="66" count="2" type="cond" truecount="1" falsecount="1"/>
        <line num="67" count="0" type="stmt"/>
        <line num="68" count="0" type="stmt"/>
        <line num="69" count="0" type="stmt"/>
        <line num="71" count="2" type="stmt"/>
        <line num="72" count="2" type="stmt"/>
        <line num="76" count="2" type="stmt"/>
      </file>
      <file name="filters.js" path="C:\Users\Cerat\OneDrive\Documents\GitHub\cs341-spring-2022-three\townofcary\routes\filters.js">
        <metrics statements="55" coveredstatements="46" conditionals="12" coveredconditionals="10" methods="6" coveredmethods="5"/>
        <line num="7" count="1" type="stmt"/>
        <line num="8" count="1" type="stmt"/>
        <line num="9" count="1" type="stmt"/>
        <line num="36" count="2" type="stmt"/>
        <line num="37" count="2" type="stmt"/>
        <line num="38" count="2" type="stmt"/>
        <line num="41" count="2" type="stmt"/>
        <line num="42" count="99003" type="stmt"/>
        <line num="44" count="99003" type="stmt"/>
        <line num="45" count="743253" type="cond" truecount="2" falsecount="0"/>
        <line num="46" count="98963" type="stmt"/>
        <line num="47" count="98963" type="stmt"/>
        <line num="48" count="98963" type="stmt"/>
        <line num="52" count="99003" type="cond" truecount="2" falsecount="0"/>
        <line num="53" count="40" type="stmt"/>
        <line num="54" count="40" type="stmt"/>
        <line num="59" count="2" type="stmt"/>
        <line num="60" count="2" type="stmt"/>
        <line num="61" count="40" type="stmt"/>
        <line num="65" count="40" type="stmt"/>
        <line num="68" count="2" type="stmt"/>
        <line num="76" count="2" type="stmt"/>
        <line num="79" count="2" type="stmt"/>
        <line num="82" count="2" type="stmt"/>
        <line num="85" count="2" type="cond" truecount="1" falsecount="1"/>
        <line num="86" count="0" type="stmt"/>
        <line num="87" count="0" type="stmt"/>
        <line num="88" count="0" type="stmt"/>
        <line num="90" count="0" type="stmt"/>
        <line num="91" count="0" type="stmt"/>
        <line num="92" count="0" type="stmt"/>
        <line num="96" count="2" type="cond" truecount="4" falsecount="0"/>
        <line num="97" count="1" type="cond" truecount="1" falsecount="1"/>
        <line num="98" count="0" type="stmt"/>
        <line num="101" count="1" type="stmt"/>
        <line num="103" count="1" type="stmt"/>
        <line num="106" count="2" type="stmt"/>
        <line num="110" count="2" type="stmt"/>
        <line num="111" count="2" type="stmt"/>
        <line num="113" count="2" type="stmt"/>
        <line num="115" count="99003" type="stmt"/>
        <line num="117" count="99003" type="stmt"/>
        <line num="119" count="99003" type="stmt"/>
        <line num="120" count="99003" type="stmt"/>
        <line num="123" count="2" type="stmt"/>
        <line num="127" count="1" type="stmt"/>
        <line num="129" count="2" type="stmt"/>
        <line num="133" count="2" type="stmt"/>
        <line num="136" count="2" type="stmt"/>
        <line num="137" count="2" type="stmt"/>
        <line num="140" count="2" type="stmt"/>
        <line num="141" count="2" type="stmt"/>
        <line num="145" count="0" type="stmt"/>
        <line num="146" count="0" type="stmt"/>
        <line num="151" count="1" type="stmt"/>
      </file>
      <file name="index.js" path="C:\Users\Cerat\OneDrive\Documents\GitHub\cs341-spring-2022-three\townofcary\routes\index.js">
        <metrics statements="5" coveredstatements="4" conditionals="0" coveredconditionals="0" methods="1" coveredmethods="0"/>
        <line num="1" count="1" type="stmt"/>
        <line num="2" count="1" type="stmt"/>
        <line num="5" count="1" type="stmt"/>
        <line num="6" count="0" type="stmt"/>
        <line num="9" count="1" type="stmt"/>
      </file>
      <file name="users.js" path="C:\Users\Cerat\OneDrive\Documents\GitHub\cs341-spring-2022-three\townofcary\routes\users.js">
        <metrics statements="5" coveredstatements="4" conditionals="0" coveredconditionals="0" methods="1" coveredmethods="0"/>
        <line num="1" count="1" type="stmt"/>
        <line num="2" count="1" type="stmt"/>
        <line num="5" count="1" type="stmt"/>
        <line num="6" count="0" type="stmt"/>
        <line num="9" count="1" type="stmt"/>
      </file>
    </package>
  </project>
</coverage>
