{"C:\\Users\\Cerat\\source\\repos\\Yahtzee\\cs341-spring-2022-three\\townofcary\\public\\javascripts\\sidebar.js": {"path":"C:\\Users\\Cerat\\source\\repos\\Yahtzee\\cs341-spring-2022-three\\townofcary\\public\\javascripts\\sidebar.js","statementMap":{"0":{"start":{"line":1,"column":8},"end":{"line":1,"column":38}},"1":{"start":{"line":2,"column":9},"end":{"line":2,"column":39}},"2":{"start":{"line":3,"column":0},"end":{"line":3,"column":26}},"3":{"start":{"line":6,"column":4},"end":{"line":6,"column":63}},"4":{"start":{"line":7,"column":4},"end":{"line":7,"column":63}},"5":{"start":{"line":8,"column":1},"end":{"line":8,"column":26}},"6":{"start":{"line":9,"column":4},"end":{"line":9,"column":26}},"7":{"start":{"line":13,"column":4},"end":{"line":13,"column":59}},"8":{"start":{"line":14,"column":4},"end":{"line":14,"column":58}},"9":{"start":{"line":15,"column":1},"end":{"line":15,"column":22}},"10":{"start":{"line":16,"column":4},"end":{"line":16,"column":30}},"11":{"start":{"line":18,"column":0},"end":{"line":18,"column":56}}},"fnMap":{"0":{"name":"openNav","decl":{"start":{"line":5,"column":9},"end":{"line":5,"column":16}},"loc":{"start":{"line":5,"column":19},"end":{"line":10,"column":1}},"line":5},"1":{"name":"closeNav","decl":{"start":{"line":11,"column":9},"end":{"line":11,"column":17}},"loc":{"start":{"line":11,"column":20},"end":{"line":17,"column":1}},"line":11}},"branchMap":{},"s":{"0":1,"1":1,"2":1,"3":2,"4":2,"5":2,"6":2,"7":2,"8":2,"9":2,"10":2,"11":1},"f":{"0":2,"1":2},"b":{},"_coverageSchema":"1a1c01bbd47fc00a2c39e90264f33305004495a9","hash":"635f10e5651c5e28fde3c3b5520614337f971331"}
}
