{"C:\\Users\\Cerat\\OneDrive\\Documents\\GitHub\\cs341-spring-2022-three\\townofcary\\app.js": {"path":"C:\\Users\\Cerat\\OneDrive\\Documents\\GitHub\\cs341-spring-2022-three\\townofcary\\app.js","statementMap":{"0":{"start":{"line":1,"column":18},"end":{"line":1,"column":40}},"1":{"start":{"line":2,"column":14},"end":{"line":2,"column":32}},"2":{"start":{"line":3,"column":11},"end":{"line":3,"column":26}},"3":{"start":{"line":4,"column":19},"end":{"line":4,"column":43}},"4":{"start":{"line":5,"column":13},"end":{"line":5,"column":30}},"5":{"start":{"line":7,"column":18},"end":{"line":7,"column":43}},"6":{"start":{"line":8,"column":18},"end":{"line":8,"column":43}},"7":{"start":{"line":9,"column":20},"end":{"line":9,"column":47}},"8":{"start":{"line":11,"column":10},"end":{"line":11,"column":19}},"9":{"start":{"line":14,"column":0},"end":{"line":14,"column":48}},"10":{"start":{"line":15,"column":0},"end":{"line":15,"column":31}},"11":{"start":{"line":17,"column":0},"end":{"line":17,"column":23}},"12":{"start":{"line":18,"column":0},"end":{"line":18,"column":24}},"13":{"start":{"line":19,"column":0},"end":{"line":19,"column":49}},"14":{"start":{"line":20,"column":0},"end":{"line":20,"column":24}},"15":{"start":{"line":21,"column":0},"end":{"line":21,"column":56}},"16":{"start":{"line":23,"column":0},"end":{"line":23,"column":26}},"17":{"start":{"line":24,"column":0},"end":{"line":24,"column":31}},"18":{"start":{"line":25,"column":0},"end":{"line":25,"column":35}},"19":{"start":{"line":28,"column":0},"end":{"line":30,"column":3}},"20":{"start":{"line":29,"column":2},"end":{"line":29,"column":25}},"21":{"start":{"line":33,"column":0},"end":{"line":41,"column":3}},"22":{"start":{"line":35,"column":2},"end":{"line":35,"column":35}},"23":{"start":{"line":36,"column":2},"end":{"line":36,"column":69}},"24":{"start":{"line":39,"column":2},"end":{"line":39,"column":32}},"25":{"start":{"line":40,"column":2},"end":{"line":40,"column":22}},"26":{"start":{"line":43,"column":0},"end":{"line":43,"column":21}}},"fnMap":{"0":{"name":"(anonymous_0)","decl":{"start":{"line":28,"column":8},"end":{"line":28,"column":9}},"loc":{"start":{"line":28,"column":33},"end":{"line":30,"column":1}},"line":28},"1":{"name":"(anonymous_1)","decl":{"start":{"line":33,"column":8},"end":{"line":33,"column":9}},"loc":{"start":{"line":33,"column":38},"end":{"line":41,"column":1}},"line":33}},"branchMap":{"0":{"loc":{"start":{"line":36,"column":21},"end":{"line":36,"column":68}},"type":"cond-expr","locations":[{"start":{"line":36,"column":60},"end":{"line":36,"column":63}},{"start":{"line":36,"column":66},"end":{"line":36,"column":68}}],"line":36},"1":{"loc":{"start":{"line":39,"column":13},"end":{"line":39,"column":30}},"type":"binary-expr","locations":[{"start":{"line":39,"column":13},"end":{"line":39,"column":23}},{"start":{"line":39,"column":27},"end":{"line":39,"column":30}}],"line":39}},"s":{"0":1,"1":1,"2":1,"3":1,"4":1,"5":1,"6":1,"7":1,"8":1,"9":1,"10":1,"11":1,"12":1,"13":1,"14":1,"15":1,"16":1,"17":1,"18":1,"19":1,"20":0,"21":1,"22":0,"23":0,"24":0,"25":0,"26":1},"f":{"0":0,"1":0},"b":{"0":[0,0],"1":[0,0]},"_coverageSchema":"1a1c01bbd47fc00a2c39e90264f33305004495a9","hash":"db528efcedf5a77ccfdb155549e7519e56267fc6"}
,"C:\\Users\\Cerat\\OneDrive\\Documents\\GitHub\\cs341-spring-2022-three\\townofcary\\public\\javascripts\\click-drop.js": {"path":"C:\\Users\\Cerat\\OneDrive\\Documents\\GitHub\\cs341-spring-2022-three\\townofcary\\public\\javascripts\\click-drop.js","statementMap":{"0":{"start":{"line":6,"column":2},"end":{"line":6,"column":45}},"1":{"start":{"line":8,"column":2},"end":{"line":8,"column":37}},"2":{"start":{"line":10,"column":2},"end":{"line":10,"column":39}},"3":{"start":{"line":12,"column":2},"end":{"line":12,"column":37}},"4":{"start":{"line":15,"column":2},"end":{"line":23,"column":3}},"5":{"start":{"line":16,"column":4},"end":{"line":16,"column":43}},"6":{"start":{"line":17,"column":4},"end":{"line":17,"column":44}},"7":{"start":{"line":18,"column":4},"end":{"line":22,"column":5}},"8":{"start":{"line":19,"column":6},"end":{"line":19,"column":31}},"9":{"start":{"line":21,"column":6},"end":{"line":21,"column":35}},"10":{"start":{"line":25,"column":0},"end":{"line":25,"column":46}}},"fnMap":{"0":{"name":"incidentDrop","decl":{"start":{"line":2,"column":9},"end":{"line":2,"column":21}},"loc":{"start":{"line":2,"column":24},"end":{"line":24,"column":1}},"line":2}},"branchMap":{"0":{"loc":{"start":{"line":17,"column":15},"end":{"line":17,"column":43}},"type":"binary-expr","locations":[{"start":{"line":17,"column":15},"end":{"line":17,"column":28}},{"start":{"line":17,"column":32},"end":{"line":17,"column":43}}],"line":17},"1":{"loc":{"start":{"line":18,"column":4},"end":{"line":22,"column":5}},"type":"if","locations":[{"start":{"line":18,"column":4},"end":{"line":22,"column":5}},{"start":{"line":20,"column":11},"end":{"line":22,"column":5}}],"line":18}},"s":{"0":5,"1":5,"2":5,"3":5,"4":5,"5":135,"6":135,"7":135,"8":60,"9":75,"10":1},"f":{"0":5},"b":{"0":[135,0],"1":[60,75]},"_coverageSchema":"1a1c01bbd47fc00a2c39e90264f33305004495a9","hash":"2fc493cbc962c059ddbc15ea04b6dad3faecddc6"}
,"C:\\Users\\Cerat\\OneDrive\\Documents\\GitHub\\cs341-spring-2022-three\\townofcary\\public\\javascripts\\sidebar.js": {"path":"C:\\Users\\Cerat\\OneDrive\\Documents\\GitHub\\cs341-spring-2022-three\\townofcary\\public\\javascripts\\sidebar.js","statementMap":{"0":{"start":{"line":2,"column":8},"end":{"line":2,"column":38}},"1":{"start":{"line":3,"column":9},"end":{"line":3,"column":39}},"2":{"start":{"line":5,"column":0},"end":{"line":5,"column":26}},"3":{"start":{"line":9,"column":4},"end":{"line":9,"column":63}},"4":{"start":{"line":11,"column":4},"end":{"line":11,"column":63}},"5":{"start":{"line":13,"column":1},"end":{"line":13,"column":26}},"6":{"start":{"line":15,"column":4},"end":{"line":15,"column":26}},"7":{"start":{"line":21,"column":4},"end":{"line":21,"column":59}},"8":{"start":{"line":23,"column":4},"end":{"line":23,"column":58}},"9":{"start":{"line":25,"column":1},"end":{"line":25,"column":22}},"10":{"start":{"line":27,"column":4},"end":{"line":27,"column":30}},"11":{"start":{"line":29,"column":0},"end":{"line":29,"column":56}}},"fnMap":{"0":{"name":"openNav","decl":{"start":{"line":7,"column":9},"end":{"line":7,"column":16}},"loc":{"start":{"line":7,"column":19},"end":{"line":16,"column":1}},"line":7},"1":{"name":"closeNav","decl":{"start":{"line":19,"column":9},"end":{"line":19,"column":17}},"loc":{"start":{"line":19,"column":20},"end":{"line":28,"column":1}},"line":19}},"branchMap":{},"s":{"0":1,"1":1,"2":1,"3":2,"4":2,"5":2,"6":2,"7":2,"8":2,"9":2,"10":2,"11":1},"f":{"0":2,"1":2},"b":{},"_coverageSchema":"1a1c01bbd47fc00a2c39e90264f33305004495a9","hash":"b1f642259a3d9fe5674815c103f4c5cb3f6a605a"}
,"C:\\Users\\Cerat\\OneDrive\\Documents\\GitHub\\cs341-spring-2022-three\\townofcary\\routes\\dbms_promise.js": {"path":"C:\\Users\\Cerat\\OneDrive\\Documents\\GitHub\\cs341-spring-2022-three\\townofcary\\routes\\dbms_promise.js","statementMap":{"0":{"start":{"line":10,"column":0},"end":{"line":10,"column":26}},"1":{"start":{"line":13,"column":12},"end":{"line":13,"column":28}},"2":{"start":{"line":14,"column":12},"end":{"line":14,"column":28}},"3":{"start":{"line":16,"column":11},"end":{"line":16,"column":25}},"4":{"start":{"line":17,"column":15},"end":{"line":17,"column":29}},"5":{"start":{"line":18,"column":11},"end":{"line":18,"column":17}},"6":{"start":{"line":19,"column":15},"end":{"line":19,"column":29}},"7":{"start":{"line":29,"column":0},"end":{"line":81,"column":1}},"8":{"start":{"line":30,"column":2},"end":{"line":80,"column":5}},"9":{"start":{"line":32,"column":18},"end":{"line":32,"column":22}},"10":{"start":{"line":34,"column":4},"end":{"line":78,"column":7}},"11":{"start":{"line":39,"column":12},"end":{"line":44,"column":15}},"12":{"start":{"line":46,"column":12},"end":{"line":46,"column":39}},"13":{"start":{"line":52,"column":12},"end":{"line":52,"column":48}},"14":{"start":{"line":58,"column":12},"end":{"line":58,"column":27}},"15":{"start":{"line":60,"column":12},"end":{"line":60,"column":27}},"16":{"start":{"line":66,"column":8},"end":{"line":73,"column":9}},"17":{"start":{"line":67,"column":12},"end":{"line":67,"column":55}},"18":{"start":{"line":68,"column":12},"end":{"line":68,"column":29}},"19":{"start":{"line":69,"column":12},"end":{"line":69,"column":41}},"20":{"start":{"line":71,"column":12},"end":{"line":71,"column":53}},"21":{"start":{"line":72,"column":12},"end":{"line":72,"column":29}},"22":{"start":{"line":76,"column":8},"end":{"line":76,"column":23}}},"fnMap":{"0":{"name":"(anonymous_0)","decl":{"start":{"line":29,"column":18},"end":{"line":29,"column":19}},"loc":{"start":{"line":29,"column":38},"end":{"line":81,"column":1}},"line":29},"1":{"name":"(anonymous_1)","decl":{"start":{"line":30,"column":21},"end":{"line":30,"column":22}},"loc":{"start":{"line":30,"column":42},"end":{"line":80,"column":3}},"line":30},"2":{"name":"(anonymous_2)","decl":{"start":{"line":37,"column":8},"end":{"line":37,"column":9}},"loc":{"start":{"line":37,"column":28},"end":{"line":47,"column":9}},"line":37},"3":{"name":"(anonymous_3)","decl":{"start":{"line":50,"column":8},"end":{"line":50,"column":9}},"loc":{"start":{"line":50,"column":37},"end":{"line":53,"column":9}},"line":50},"4":{"name":"(anonymous_4)","decl":{"start":{"line":56,"column":8},"end":{"line":56,"column":9}},"loc":{"start":{"line":56,"column":42},"end":{"line":61,"column":9}},"line":56},"5":{"name":"(anonymous_5)","decl":{"start":{"line":65,"column":4},"end":{"line":65,"column":5}},"loc":{"start":{"line":65,"column":24},"end":{"line":78,"column":5}},"line":65}},"branchMap":{"0":{"loc":{"start":{"line":66,"column":8},"end":{"line":73,"column":9}},"type":"if","locations":[{"start":{"line":66,"column":8},"end":{"line":73,"column":9}},{"start":{"line":70,"column":15},"end":{"line":73,"column":9}}],"line":66}},"s":{"0":1,"1":1,"2":1,"3":1,"4":1,"5":1,"6":1,"7":1,"8":2,"9":2,"10":2,"11":2,"12":2,"13":2,"14":2,"15":2,"16":2,"17":0,"18":0,"19":0,"20":2,"21":2,"22":2},"f":{"0":2,"1":2,"2":2,"3":2,"4":2,"5":2},"b":{"0":[0,2]},"_coverageSchema":"1a1c01bbd47fc00a2c39e90264f33305004495a9","hash":"705270f987a637804dd8549734ce9dcf8b56764f"}
,"C:\\Users\\Cerat\\OneDrive\\Documents\\GitHub\\cs341-spring-2022-three\\townofcary\\routes\\filters.js": {"path":"C:\\Users\\Cerat\\OneDrive\\Documents\\GitHub\\cs341-spring-2022-three\\townofcary\\routes\\filters.js","statementMap":{"0":{"start":{"line":7,"column":14},"end":{"line":7,"column":32}},"1":{"start":{"line":8,"column":11},"end":{"line":8,"column":39}},"2":{"start":{"line":9,"column":13},"end":{"line":9,"column":29}},"3":{"start":{"line":36,"column":21},"end":{"line":36,"column":23}},"4":{"start":{"line":37,"column":17},"end":{"line":37,"column":19}},"5":{"start":{"line":38,"column":21},"end":{"line":38,"column":26}},"6":{"start":{"line":41,"column":4},"end":{"line":56,"column":5}},"7":{"start":{"line":42,"column":8},"end":{"line":42,"column":27}},"8":{"start":{"line":44,"column":8},"end":{"line":50,"column":9}},"9":{"start":{"line":44,"column":20},"end":{"line":44,"column":21}},"10":{"start":{"line":45,"column":12},"end":{"line":49,"column":13}},"11":{"start":{"line":46,"column":16},"end":{"line":46,"column":28}},"12":{"start":{"line":47,"column":16},"end":{"line":47,"column":34}},"13":{"start":{"line":48,"column":16},"end":{"line":48,"column":22}},"14":{"start":{"line":52,"column":8},"end":{"line":55,"column":9}},"15":{"start":{"line":53,"column":12},"end":{"line":53,"column":39}},"16":{"start":{"line":54,"column":12},"end":{"line":54,"column":27}},"17":{"start":{"line":59,"column":14},"end":{"line":59,"column":16}},"18":{"start":{"line":60,"column":4},"end":{"line":66,"column":5}},"19":{"start":{"line":60,"column":16},"end":{"line":60,"column":17}},"20":{"start":{"line":61,"column":18},"end":{"line":64,"column":9}},"21":{"start":{"line":65,"column":8},"end":{"line":65,"column":22}},"22":{"start":{"line":68,"column":4},"end":{"line":68,"column":15}},"23":{"start":{"line":76,"column":21},"end":{"line":76,"column":46}},"24":{"start":{"line":79,"column":16},"end":{"line":79,"column":21}},"25":{"start":{"line":82,"column":4},"end":{"line":82,"column":36}},"26":{"start":{"line":85,"column":4},"end":{"line":93,"column":5}},"27":{"start":{"line":86,"column":8},"end":{"line":86,"column":49}},"28":{"start":{"line":87,"column":8},"end":{"line":89,"column":9}},"29":{"start":{"line":87,"column":20},"end":{"line":87,"column":21}},"30":{"start":{"line":88,"column":12},"end":{"line":88,"column":57}},"31":{"start":{"line":90,"column":8},"end":{"line":90,"column":23}},"32":{"start":{"line":91,"column":8},"end":{"line":91,"column":42}},"33":{"start":{"line":92,"column":8},"end":{"line":92,"column":21}},"34":{"start":{"line":96,"column":4},"end":{"line":104,"column":5}},"35":{"start":{"line":97,"column":8},"end":{"line":102,"column":9}},"36":{"start":{"line":98,"column":12},"end":{"line":98,"column":34}},"37":{"start":{"line":101,"column":12},"end":{"line":101,"column":36}},"38":{"start":{"line":103,"column":8},"end":{"line":103,"column":88}},"39":{"start":{"line":106,"column":4},"end":{"line":106,"column":22}},"40":{"start":{"line":110,"column":14},"end":{"line":110,"column":16}},"41":{"start":{"line":111,"column":15},"end":{"line":111,"column":17}},"42":{"start":{"line":113,"column":4},"end":{"line":121,"column":5}},"43":{"start":{"line":115,"column":18},"end":{"line":115,"column":49}},"44":{"start":{"line":117,"column":18},"end":{"line":117,"column":32}},"45":{"start":{"line":119,"column":8},"end":{"line":119,"column":25}},"46":{"start":{"line":120,"column":8},"end":{"line":120,"column":26}},"47":{"start":{"line":123,"column":4},"end":{"line":123,"column":23}},"48":{"start":{"line":127,"column":0},"end":{"line":149,"column":3}},"49":{"start":{"line":129,"column":4},"end":{"line":129,"column":39}},"50":{"start":{"line":133,"column":4},"end":{"line":133,"column":75}},"51":{"start":{"line":136,"column":4},"end":{"line":136,"column":34}},"52":{"start":{"line":137,"column":4},"end":{"line":148,"column":6}},"53":{"start":{"line":140,"column":12},"end":{"line":140,"column":37}},"54":{"start":{"line":141,"column":12},"end":{"line":141,"column":82}},"55":{"start":{"line":145,"column":12},"end":{"line":145,"column":82}},"56":{"start":{"line":146,"column":12},"end":{"line":146,"column":28}},"57":{"start":{"line":151,"column":0},"end":{"line":151,"column":24}}},"fnMap":{"0":{"name":"countCrimes","decl":{"start":{"line":35,"column":9},"end":{"line":35,"column":20}},"loc":{"start":{"line":35,"column":26},"end":{"line":69,"column":1}},"line":35},"1":{"name":"generateSql","decl":{"start":{"line":74,"column":9},"end":{"line":74,"column":20}},"loc":{"start":{"line":74,"column":25},"end":{"line":107,"column":1}},"line":74},"2":{"name":"getCoords","decl":{"start":{"line":109,"column":9},"end":{"line":109,"column":18}},"loc":{"start":{"line":109,"column":24},"end":{"line":124,"column":1}},"line":109},"3":{"name":"(anonymous_3)","decl":{"start":{"line":127,"column":17},"end":{"line":127,"column":18}},"loc":{"start":{"line":127,"column":42},"end":{"line":149,"column":1}},"line":127},"4":{"name":"(anonymous_4)","decl":{"start":{"line":138,"column":8},"end":{"line":138,"column":9}},"loc":{"start":{"line":138,"column":24},"end":{"line":142,"column":9}},"line":138},"5":{"name":"(anonymous_5)","decl":{"start":{"line":144,"column":8},"end":{"line":144,"column":9}},"loc":{"start":{"line":144,"column":24},"end":{"line":147,"column":9}},"line":144}},"branchMap":{"0":{"loc":{"start":{"line":45,"column":12},"end":{"line":49,"column":13}},"type":"if","locations":[{"start":{"line":45,"column":12},"end":{"line":49,"column":13}},{"start":{},"end":{}}],"line":45},"1":{"loc":{"start":{"line":52,"column":8},"end":{"line":55,"column":9}},"type":"if","locations":[{"start":{"line":52,"column":8},"end":{"line":55,"column":9}},{"start":{},"end":{}}],"line":52},"2":{"loc":{"start":{"line":85,"column":4},"end":{"line":93,"column":5}},"type":"if","locations":[{"start":{"line":85,"column":4},"end":{"line":93,"column":5}},{"start":{},"end":{}}],"line":85},"3":{"loc":{"start":{"line":96,"column":4},"end":{"line":104,"column":5}},"type":"if","locations":[{"start":{"line":96,"column":4},"end":{"line":104,"column":5}},{"start":{},"end":{}}],"line":96},"4":{"loc":{"start":{"line":96,"column":7},"end":{"line":96,"column":47}},"type":"binary-expr","locations":[{"start":{"line":96,"column":7},"end":{"line":96,"column":26}},{"start":{"line":96,"column":30},"end":{"line":96,"column":47}}],"line":96},"5":{"loc":{"start":{"line":97,"column":8},"end":{"line":102,"column":9}},"type":"if","locations":[{"start":{"line":97,"column":8},"end":{"line":102,"column":9}},{"start":{"line":100,"column":12},"end":{"line":102,"column":9}}],"line":97}},"s":{"0":1,"1":1,"2":1,"3":2,"4":2,"5":2,"6":2,"7":99003,"8":99003,"9":99003,"10":743253,"11":98963,"12":98963,"13":98963,"14":99003,"15":40,"16":40,"17":2,"18":2,"19":2,"20":40,"21":40,"22":2,"23":2,"24":2,"25":2,"26":2,"27":0,"28":0,"29":0,"30":0,"31":0,"32":0,"33":0,"34":2,"35":1,"36":0,"37":1,"38":1,"39":2,"40":2,"41":2,"42":2,"43":99003,"44":99003,"45":99003,"46":99003,"47":2,"48":1,"49":2,"50":2,"51":2,"52":2,"53":2,"54":2,"55":0,"56":0,"57":1},"f":{"0":2,"1":2,"2":2,"3":2,"4":2,"5":0},"b":{"0":[98963,644290],"1":[40,98963],"2":[0,2],"3":[1,1],"4":[2,1],"5":[0,1]},"_coverageSchema":"1a1c01bbd47fc00a2c39e90264f33305004495a9","hash":"ee6aea5d3535d56caec3ed15a33bae28c6e1ef2c"}
,"C:\\Users\\Cerat\\OneDrive\\Documents\\GitHub\\cs341-spring-2022-three\\townofcary\\routes\\index.js": {"path":"C:\\Users\\Cerat\\OneDrive\\Documents\\GitHub\\cs341-spring-2022-three\\townofcary\\routes\\index.js","statementMap":{"0":{"start":{"line":1,"column":14},"end":{"line":1,"column":32}},"1":{"start":{"line":2,"column":13},"end":{"line":2,"column":29}},"2":{"start":{"line":5,"column":0},"end":{"line":7,"column":3}},"3":{"start":{"line":6,"column":2},"end":{"line":6,"column":44}},"4":{"start":{"line":9,"column":0},"end":{"line":9,"column":24}}},"fnMap":{"0":{"name":"(anonymous_0)","decl":{"start":{"line":5,"column":16},"end":{"line":5,"column":17}},"loc":{"start":{"line":5,"column":41},"end":{"line":7,"column":1}},"line":5}},"branchMap":{},"s":{"0":1,"1":1,"2":1,"3":0,"4":1},"f":{"0":0},"b":{},"_coverageSchema":"1a1c01bbd47fc00a2c39e90264f33305004495a9","hash":"7a8a30af5b53099579944f0f7ef291c70ad326a6"}
,"C:\\Users\\Cerat\\OneDrive\\Documents\\GitHub\\cs341-spring-2022-three\\townofcary\\routes\\users.js": {"path":"C:\\Users\\Cerat\\OneDrive\\Documents\\GitHub\\cs341-spring-2022-three\\townofcary\\routes\\users.js","statementMap":{"0":{"start":{"line":1,"column":14},"end":{"line":1,"column":32}},"1":{"start":{"line":2,"column":13},"end":{"line":2,"column":29}},"2":{"start":{"line":5,"column":0},"end":{"line":7,"column":3}},"3":{"start":{"line":6,"column":2},"end":{"line":6,"column":38}},"4":{"start":{"line":9,"column":0},"end":{"line":9,"column":24}}},"fnMap":{"0":{"name":"(anonymous_0)","decl":{"start":{"line":5,"column":16},"end":{"line":5,"column":17}},"loc":{"start":{"line":5,"column":41},"end":{"line":7,"column":1}},"line":5}},"branchMap":{},"s":{"0":1,"1":1,"2":1,"3":0,"4":1},"f":{"0":0},"b":{},"_coverageSchema":"1a1c01bbd47fc00a2c39e90264f33305004495a9","hash":"a2dce5c2f532a00b986a44b05cabbf3a8efcfcf6"}
}
