TN:
SF:app.js
FN:28,(anonymous_0)
FN:33,(anonymous_1)
FNF:2
FNH:0
FNDA:0,(anonymous_0)
FNDA:0,(anonymous_1)
DA:1,1
DA:2,1
DA:3,1
DA:4,1
DA:5,1
DA:7,1
DA:8,1
DA:9,1
DA:11,1
DA:14,1
DA:15,1
DA:17,1
DA:18,1
DA:19,1
DA:20,1
DA:21,1
DA:23,1
DA:24,1
DA:25,1
DA:28,1
DA:29,0
DA:33,1
DA:35,0
DA:36,0
DA:39,0
DA:40,0
DA:43,1
LF:27
LH:22
BRDA:36,0,0,0
BRDA:36,0,1,0
BRDA:39,1,0,0
BRDA:39,1,1,0
BRF:4
BRH:0
end_of_record
TN:
SF:routes/dbms_promise.js
FN:29,(anonymous_0)
FN:30,(anonymous_1)
FN:37,(anonymous_2)
FN:50,(anonymous_3)
FN:56,(anonymous_4)
FN:65,(anonymous_5)
FNF:6
FNH:6
FNDA:2,(anonymous_0)
FNDA:2,(anonymous_1)
FNDA:2,(anonymous_2)
FNDA:2,(anonymous_3)
FNDA:2,(anonymous_4)
FNDA:2,(anonymous_5)
DA:10,1
DA:13,1
DA:14,1
DA:16,1
DA:17,1
DA:18,1
DA:19,1
DA:29,1
DA:30,2
DA:32,2
DA:34,2
DA:39,2
DA:46,2
DA:52,2
DA:58,2
DA:60,2
DA:66,2
DA:67,0
DA:68,0
DA:69,0
DA:71,2
DA:72,2
DA:76,2
LF:23
LH:20
BRDA:66,0,0,0
BRDA:66,0,1,2
BRF:2
BRH:1
end_of_record
TN:
SF:routes/filters.js
FN:13,countCrimes
FN:50,generateSql
FN:84,getCoords
FN:102,(anonymous_3)
FN:113,(anonymous_4)
FN:125,(anonymous_5)
FNF:6
FNH:5
FNDA:1,countCrimes
FNDA:2,generateSql
FNDA:1,getCoords
FNDA:2,(anonymous_3)
FNDA:2,(anonymous_4)
FNDA:0,(anonymous_5)
DA:7,1
DA:8,1
DA:9,1
DA:14,1
DA:15,1
DA:16,1
DA:19,1
DA:20,98895
DA:22,98895
DA:23,742665
DA:24,98868
DA:25,98868
DA:26,98868
DA:30,98895
DA:31,27
DA:32,27
DA:37,1
DA:38,1
DA:39,27
DA:43,27
DA:46,1
DA:52,2
DA:55,2
DA:57,2
DA:60,2
DA:61,0
DA:62,0
DA:63,0
DA:65,0
DA:66,0
DA:67,0
DA:71,2
DA:72,2
DA:73,0
DA:76,2
DA:78,2
DA:81,2
DA:85,1
DA:86,1
DA:88,1
DA:90,89
DA:92,89
DA:94,89
DA:95,89
DA:98,1
DA:102,1
DA:104,2
DA:108,2
DA:111,2
DA:112,2
DA:115,2
DA:116,2
DA:117,1
DA:118,1
DA:121,1
DA:126,0
DA:127,0
DA:132,1
LF:58
LH:49
BRDA:23,0,0,98868
BRDA:23,0,1,643797
BRDA:30,1,0,27
BRDA:30,1,1,98868
BRDA:60,2,0,0
BRDA:60,2,1,2
BRDA:71,3,0,2
BRDA:71,3,1,0
BRDA:71,4,0,2
BRDA:71,4,1,2
BRDA:72,5,0,0
BRDA:72,5,1,2
BRDA:116,6,0,1
BRDA:116,6,1,1
BRF:14
BRH:11
end_of_record
TN:
SF:routes/index.js
FN:5,(anonymous_0)
FNF:1
FNH:0
FNDA:0,(anonymous_0)
DA:1,1
DA:2,1
DA:5,1
DA:6,0
DA:9,1
LF:5
LH:4
BRF:0
BRH:0
end_of_record
TN:
SF:routes/users.js
FN:5,(anonymous_0)
FNF:1
FNH:0
FNDA:0,(anonymous_0)
DA:1,1
DA:2,1
DA:5,1
DA:6,0
DA:9,1
LF:5
LH:4
BRF:0
BRH:0
end_of_record
