TN:
SF:public\javascripts\click-drop.js
FN:2,incidentDrop
FN:26,districtDrop
FNF:2
FNH:2
FNDA:5,incidentDrop
FNDA:5,districtDrop
DA:6,5
DA:8,5
DA:10,5
DA:12,5
DA:15,5
DA:16,135
DA:17,135
DA:18,135
DA:19,60
DA:21,75
DA:30,5
DA:32,5
DA:34,5
DA:36,5
DA:39,5
DA:40,130
DA:41,130
DA:42,130
DA:43,35
DA:45,95
DA:49,1
LF:21
LH:21
BRDA:17,0,0,135
BRDA:17,0,1,0
BRDA:18,1,0,60
BRDA:18,1,1,75
BRDA:41,2,0,130
BRDA:41,2,1,0
BRDA:42,3,0,35
BRDA:42,3,1,95
BRF:8
BRH:6
end_of_record
TN:
SF:public\javascripts\sidebar.js
FN:5,openNav
FN:11,closeNav
FNF:2
FNH:2
FNDA:2,openNav
FNDA:2,closeNav
DA:1,1
DA:2,1
DA:3,1
DA:6,2
DA:7,2
DA:8,2
DA:9,2
DA:13,2
DA:14,2
DA:15,2
DA:16,2
DA:18,1
LF:12
LH:12
BRF:0
BRH:0
end_of_record
